<?xml version="1.0" encoding="UTF-8"?>
<!-- Generated by org.testng.reporters.JUnitXMLReporter -->
<testsuite hostname="LAPTOP-NRJRIRP9" ignored="0" name="Test" tests="10" failures="0" timestamp="23 Jan 2022 09:41:01 GMT" time="0.099" errors="0">
  <testcase name="tp3" time="0.014" classname="org.test.Testparallel2"/>
  <testcase name="tp1" time="0.014" classname="org.test.Testparallel2"/>
  <testcase name="tp2" time="0.014" classname="org.test.Testparallel2"/>
  <testcase name="tp4" time="0.002" classname="org.test.Testparallel2"/>
  <testcase name="tc1" time="0.002" classname="org.test.Testprallel"/>
  <testcase name="tc2" time="0.005" classname="org.test.Testprallel"/>
  <testcase name="tp5" time="0.02" classname="org.test.Testparallel2"/>
  <testcase name="tc3" time="0.002" classname="org.test.Testprallel"/>
  <testcase name="tc4" time="0.002" classname="org.test.Testprallel"/>
  <testcase name="tc5" time="0.001" classname="org.test.Testprallel"/>
</testsuite> <!-- Test -->
